<?xml version="1.0" encoding="UTF-8"?>
<!-- Generated by org.testng.reporters.JUnitReportReporter -->
<testsuite hostname="LM2G2MD6M" failures="0" tests="1" name="testcases.HomeTest" time="3.714" errors="0" timestamp="11 Sept 2022 06:17:27 GMT" skipped="0">
  <testcase classname="testcases.HomeTest" name="Test1" time="3.714"/>
</testsuite> <!-- testcases.HomeTest -->
