<?xml version="1.0" encoding="UTF-8"?>
<!-- Generated by org.testng.reporters.JUnitReportReporter -->
<testsuite hostname="LM2G2MD6M" failures="0" tests="3" name="testcases.SimplilearnLoginTest" time="35.735" errors="0" timestamp="24 Sept 2022 11:48:31 GMT" skipped="0">
  <testcase classname="testcases.SimplilearnLoginTest" name="Test3" time="15.174"/>
  <testcase classname="testcases.SimplilearnLoginTest" name="Test1" time="12.524"/>
  <testcase classname="testcases.SimplilearnLoginTest" name="Test2" time="8.037"/>
</testsuite> <!-- testcases.SimplilearnLoginTest -->
