<?xml version="1.0" encoding="UTF-8"?>
<!-- Generated by org.testng.reporters.JUnitReportReporter -->
<testsuite hostname="LM2G2MD6M" failures="0" tests="3" name="testcases.SimplilearnLoginTest" time="39.075" errors="0" timestamp="29 Sept 2022 04:40:31 GMT" skipped="0">
  <testcase classname="testcases.SimplilearnLoginTest" name="Test1" time="17.288"/>
  <testcase classname="testcases.SimplilearnLoginTest" name="Test3" time="12.586"/>
  <testcase classname="testcases.SimplilearnLoginTest" name="Test2" time="9.201"/>
</testsuite> <!-- testcases.SimplilearnLoginTest -->
